[debug] [2022-12-18T07:24:07.025Z] ----------------------------------------------------------------------
[debug] [2022-12-18T07:24:07.027Z] Command:       C:\Program Files\nodejs\node.exe C:\Users\paulb\AppData\Roaming\npm\node_modules\firebase-tools\lib\bin\firebase.js init
[debug] [2022-12-18T07:24:07.027Z] CLI Version:   10.6.0
[debug] [2022-12-18T07:24:07.027Z] Platform:      win32
[debug] [2022-12-18T07:24:07.028Z] Node Version:  v18.8.0
[debug] [2022-12-18T07:24:07.029Z] Time:          Sun Dec 18 2022 12:54:07 GMT+0530 (India Standard Time)
[debug] [2022-12-18T07:24:07.029Z] ----------------------------------------------------------------------
[debug] 
[debug] [2022-12-18T07:24:07.036Z] > command requires scopes: ["email","openid","https://www.googleapis.com/auth/cloudplatformprojects.readonly","https://www.googleapis.com/auth/firebase","https://www.googleapis.com/auth/cloud-platform"]
[debug] [2022-12-18T07:24:07.036Z] > authorizing via signed-in user (paul@myatonce.com)
[info] 
     ######## #### ########  ######## ########     ###     ######  ########
     ##        ##  ##     ## ##       ##     ##  ##   ##  ##       ##
     ######    ##  ########  ######   ########  #########  ######  ######
     ##        ##  ##    ##  ##       ##     ## ##     ##       ## ##
     ##       #### ##     ## ######## ########  ##     ##  ######  ########

You're about to initialize a Firebase project in this directory:

  C:\x\hyperlink-store

Before we get started, keep in mind:

  * You are currently outside your home directory

[info] 
=== Account Setup
[info] 
[info] Which account do you want to use for this project? Choose an account or add a new one now
[info] 
[debug] [2022-12-18T07:24:58.998Z] setProjectAccount(C:\x\hyperlink-store, pixelverse12@gmail.com)
[info] 
[info] +  Using account: pixelverse12@gmail.com 
[info] 
=== Project Setup
[info] 
[info] First, let's associate this project directory with a Firebase project.
[info] You can create multiple project aliases by running firebase use --add, 
[info] but for now we'll just set up a default project.
[info] 
[info] i  If you want to create a project in a Google Cloud organization or folder, please use "firebase projects:create" instead, and return to this command when you've created the project. 
[debug] [2022-12-18T07:27:24.592Z] > refreshing access token with scopes: ["email","https://www.googleapis.com/auth/cloud-platform","https://www.googleapis.com/auth/cloudplatformprojects.readonly","https://www.googleapis.com/auth/firebase","openid"]
[debug] [2022-12-18T07:27:24.592Z] >>> HTTP REQUEST POST https://www.googleapis.com/oauth2/v3/token  
 <request body omitted>
[debug] [2022-12-18T07:27:24.873Z] <<< HTTP RESPONSE 200 {"date":"Sun, 18 Dec 2022 07:27:26 GMT","pragma":"no-cache","cache-control":"no-cache, no-store, max-age=0, must-revalidate","expires":"Mon, 01 Jan 1990 00:00:00 GMT","content-type":"application/json; charset=utf-8","vary":"X-Origin, Referer, Origin,Accept-Encoding","server":"scaffolding on HTTPServer2","x-xss-protection":"0","x-frame-options":"SAMEORIGIN","x-content-type-options":"nosniff","alt-svc":"h3=\":443\"; ma=2592000,h3-29=\":443\"; ma=2592000,h3-Q050=\":443\"; ma=2592000,h3-Q046=\":443\"; ma=2592000,h3-Q043=\":443\"; ma=2592000,quic=\":443\"; ma=2592000; v=\"46,43\"","accept-ranges":"none","transfer-encoding":"chunked"}
[debug] [2022-12-18T07:27:24.880Z] >>> HTTP REQUEST POST https://cloudresourcemanager.googleapis.com/v1/projects  
 {"projectId":"hyperlink-b2b-wholesale-marketplace","name":"hyperlink-b2b-wholesale-marketplace"}
[debug] [2022-12-18T07:27:26.276Z] <<< HTTP RESPONSE 400 {"vary":"X-Origin, Referer, Origin,Accept-Encoding","content-type":"application/json; charset=UTF-8","date":"Sun, 18 Dec 2022 07:27:27 GMT","server":"ESF","cache-control":"private","x-xss-protection":"0","x-frame-options":"SAMEORIGIN","x-content-type-options":"nosniff","server-timing":"gfet4t7; dur=1197","alt-svc":"h3=\":443\"; ma=2592000,h3-29=\":443\"; ma=2592000,h3-Q050=\":443\"; ma=2592000,h3-Q046=\":443\"; ma=2592000,h3-Q043=\":443\"; ma=2592000,quic=\":443\"; ma=2592000; v=\"46,43\"","accept-ranges":"none","transfer-encoding":"chunked"}
[debug] [2022-12-18T07:27:26.277Z] <<< HTTP RESPONSE BODY {"error":{"code":400,"message":"Request contains an invalid argument.","status":"INVALID_ARGUMENT","details":[{"@type":"type.googleapis.com/google.rpc.BadRequest","fieldViolations":[{"field":"project_id","description":"project_id must be at most 30 characters long"},{"field":"display_name","description":"project display name must be at most 30 characters"}]},{"@type":"type.googleapis.com/google.rpc.Help","links":[{"url":"https://cloud.google.com/resource-manager/reference/rest/v1/projects"}]}]}}
[debug] [2022-12-18T07:27:26.423Z] FirebaseError: HTTP Error: 400, Request contains an invalid argument.
    at module.exports (C:\Users\paulb\AppData\Roaming\npm\node_modules\firebase-tools\lib\responseToError.js:47:12)
    at Request._callback (C:\Users\paulb\AppData\Roaming\npm\node_modules\firebase-tools\lib\api.js:41:35)
    at self.callback (C:\Users\paulb\AppData\Roaming\npm\node_modules\firebase-tools\node_modules\request\request.js:185:22)
    at Request.emit (node:events:513:28)
    at Request.emit (node:domain:489:12)
    at Request.<anonymous> (C:\Users\paulb\AppData\Roaming\npm\node_modules\firebase-tools\node_modules\request\request.js:1154:10)
    at Request.emit (node:events:513:28)
    at Request.emit (node:domain:489:12)
    at IncomingMessage.<anonymous> (C:\Users\paulb\AppData\Roaming\npm\node_modules\firebase-tools\node_modules\request\request.js:1076:12)
    at Object.onceWrapper (node:events:627:28)
    at IncomingMessage.emit (node:events:525:35)
    at IncomingMessage.emit (node:domain:489:12)
    at endReadableNT (node:internal/streams/readable:1359:12)
    at process.processTicksAndRejections (node:internal/process/task_queues:82:21)
[error] 
[error] Error: Failed to create project. See firebase-debug.log for more info.
[debug] [2022-12-18T07:28:15.026Z] ----------------------------------------------------------------------
[debug] [2022-12-18T07:28:15.027Z] Command:       C:\Program Files\nodejs\node.exe C:\Users\paulb\AppData\Roaming\npm\node_modules\firebase-tools\lib\bin\firebase.js init
[debug] [2022-12-18T07:28:15.028Z] CLI Version:   11.18.0
[debug] [2022-12-18T07:28:15.028Z] Platform:      win32
[debug] [2022-12-18T07:28:15.028Z] Node Version:  v18.8.0
[debug] [2022-12-18T07:28:15.029Z] Time:          Sun Dec 18 2022 12:58:15 GMT+0530 (India Standard Time)
[debug] [2022-12-18T07:28:15.030Z] ----------------------------------------------------------------------
[debug] 
[debug] [2022-12-18T07:28:15.036Z] > command requires scopes: ["email","openid","https://www.googleapis.com/auth/cloudplatformprojects.readonly","https://www.googleapis.com/auth/firebase","https://www.googleapis.com/auth/cloud-platform"]
[debug] [2022-12-18T07:28:15.037Z] > authorizing via signed-in user (paul@myatonce.com)
[info] 
     ######## #### ########  ######## ########     ###     ######  ########
     ##        ##  ##     ## ##       ##     ##  ##   ##  ##       ##
     ######    ##  ########  ######   ########  #########  ######  ######
     ##        ##  ##    ##  ##       ##     ## ##     ##       ## ##
     ##       #### ##     ## ######## ########  ##     ##  ######  ########

You're about to initialize a Firebase project in this directory:

  C:\x\hyperlink-store

Before we get started, keep in mind:

  * You are currently outside your home directory

[info] 
=== Account Setup
[info] 
[info] Which account do you want to use for this project? Choose an account or add a new one now
[info] 
[debug] [2022-12-18T07:28:33.718Z] setProjectAccount(C:\x\hyperlink-store, pixelverse12@gmail.com)
[info] 
[info] +  Using account: pixelverse12@gmail.com 
[info] 
=== Project Setup
[info] 
[info] First, let's associate this project directory with a Firebase project.
[info] You can create multiple project aliases by running firebase use --add, 
[info] but for now we'll just set up a default project.
[info] 
[debug] [2022-12-18T07:28:37.354Z] > refreshing access token with scopes: []
[debug] [2022-12-18T07:28:37.356Z] >>> [apiv2][query] POST https://www.googleapis.com/oauth2/v3/token [none]
[debug] [2022-12-18T07:28:37.356Z] >>> [apiv2][body] POST https://www.googleapis.com/oauth2/v3/token [omitted]
[debug] [2022-12-18T07:28:37.565Z] <<< [apiv2][status] POST https://www.googleapis.com/oauth2/v3/token 200
[debug] [2022-12-18T07:28:37.565Z] <<< [apiv2][body] POST https://www.googleapis.com/oauth2/v3/token [omitted]
[debug] [2022-12-18T07:28:37.571Z] >>> [apiv2][query] GET https://firebase.googleapis.com/v1beta1/projects pageSize=100
[debug] [2022-12-18T07:28:38.510Z] <<< [apiv2][status] GET https://firebase.googleapis.com/v1beta1/projects 200
[debug] [2022-12-18T07:28:38.510Z] <<< [apiv2][body] GET https://firebase.googleapis.com/v1beta1/projects [omitted]
[debug] [2022-12-18T07:29:04.100Z] ----------------------------------------------------------------------
[debug] [2022-12-18T07:29:04.102Z] Command:       C:\Program Files\nodejs\node.exe C:\Users\paulb\AppData\Roaming\npm\node_modules\firebase-tools\lib\bin\firebase.js init
[debug] [2022-12-18T07:29:04.103Z] CLI Version:   11.18.0
[debug] [2022-12-18T07:29:04.103Z] Platform:      win32
[debug] [2022-12-18T07:29:04.103Z] Node Version:  v18.8.0
[debug] [2022-12-18T07:29:04.104Z] Time:          Sun Dec 18 2022 12:59:04 GMT+0530 (India Standard Time)
[debug] [2022-12-18T07:29:04.105Z] ----------------------------------------------------------------------
[debug] 
[debug] [2022-12-18T07:29:04.112Z] > command requires scopes: ["email","openid","https://www.googleapis.com/auth/cloudplatformprojects.readonly","https://www.googleapis.com/auth/firebase","https://www.googleapis.com/auth/cloud-platform"]
[debug] [2022-12-18T07:29:04.112Z] > authorizing via signed-in user (paul@myatonce.com)
[info] 
     ######## #### ########  ######## ########     ###     ######  ########
     ##        ##  ##     ## ##       ##     ##  ##   ##  ##       ##
     ######    ##  ########  ######   ########  #########  ######  ######
     ##        ##  ##    ##  ##       ##     ## ##     ##       ## ##
     ##       #### ##     ## ######## ########  ##     ##  ######  ########

You're about to initialize a Firebase project in this directory:

  C:\x\hyperlink-store

Before we get started, keep in mind:

  * You are currently outside your home directory

[info] 
=== Account Setup
[info] 
[info] Which account do you want to use for this project? Choose an account or add a new one now
[info] 
[debug] [2022-12-18T07:29:24.185Z] setProjectAccount(C:\x\hyperlink-store, pixelverse12@gmail.com)
[info] 
[info] +  Using account: pixelverse12@gmail.com 
[info] 
=== Project Setup
[info] 
[info] First, let's associate this project directory with a Firebase project.
[info] You can create multiple project aliases by running firebase use --add, 
[info] but for now we'll just set up a default project.
[info] 
[info] i  If you want to create a project in a Google Cloud organization or folder, please use "firebase projects:create" instead, and return to this command when you've created the project. 
[debug] [2022-12-18T07:29:53.907Z] > refreshing access token with scopes: []
[debug] [2022-12-18T07:29:53.910Z] >>> [apiv2][query] POST https://www.googleapis.com/oauth2/v3/token [none]
[debug] [2022-12-18T07:29:53.910Z] >>> [apiv2][body] POST https://www.googleapis.com/oauth2/v3/token [omitted]
[debug] [2022-12-18T07:29:54.117Z] <<< [apiv2][status] POST https://www.googleapis.com/oauth2/v3/token 200
[debug] [2022-12-18T07:29:54.117Z] <<< [apiv2][body] POST https://www.googleapis.com/oauth2/v3/token [omitted]
[debug] [2022-12-18T07:29:54.123Z] >>> [apiv2][query] POST https://cloudresourcemanager.googleapis.com/v1/projects [none]
[debug] [2022-12-18T07:29:54.123Z] >>> [apiv2][body] POST https://cloudresourcemanager.googleapis.com/v1/projects {"projectId":"hyperlink-b2b-ecommerce","name":"hyperlink-b2b-ecommerce"}
[debug] [2022-12-18T07:29:55.947Z] <<< [apiv2][status] POST https://cloudresourcemanager.googleapis.com/v1/projects 200
[debug] [2022-12-18T07:29:55.947Z] <<< [apiv2][body] POST https://cloudresourcemanager.googleapis.com/v1/projects {"name":"operations/cp.8225991265514188464"}
[debug] [2022-12-18T07:29:55.948Z] >>> [apiv2][query] GET https://cloudresourcemanager.googleapis.com/v1/operations/cp.8225991265514188464 [none]
[debug] [2022-12-18T07:29:57.469Z] <<< [apiv2][status] GET https://cloudresourcemanager.googleapis.com/v1/operations/cp.8225991265514188464 200
[debug] [2022-12-18T07:29:57.469Z] <<< [apiv2][body] GET https://cloudresourcemanager.googleapis.com/v1/operations/cp.8225991265514188464 {"name":"operations/cp.8225991265514188464"}
[debug] [2022-12-18T07:29:57.978Z] [Project Creation Poller] Retrying task index 0
[debug] [2022-12-18T07:29:57.979Z] >>> [apiv2][query] GET https://cloudresourcemanager.googleapis.com/v1/operations/cp.8225991265514188464 [none]
[debug] [2022-12-18T07:29:59.556Z] <<< [apiv2][status] GET https://cloudresourcemanager.googleapis.com/v1/operations/cp.8225991265514188464 200
[debug] [2022-12-18T07:29:59.556Z] <<< [apiv2][body] GET https://cloudresourcemanager.googleapis.com/v1/operations/cp.8225991265514188464 {"name":"operations/cp.8225991265514188464","metadata":{"@type":"type.googleapis.com/google.cloudresourcemanager.v1.ProjectCreationStatus","gettable":true,"ready":true},"done":true,"response":{"@type":"type.googleapis.com/google.cloudresourcemanager.v1.Project","projectNumber":"589349655175","projectId":"hyperlink-b2b-ecommerce","lifecycleState":"ACTIVE","name":"hyperlink-b2b-ecommerce","createTime":"2022-12-18T07:29:56.704Z"}}
[debug] [2022-12-18T07:29:59.557Z] >>> [apiv2][query] POST https://firebase.googleapis.com/v1beta1/projects/hyperlink-b2b-ecommerce:addFirebase [none]
[debug] [2022-12-18T07:30:02.675Z] <<< [apiv2][status] POST https://firebase.googleapis.com/v1beta1/projects/hyperlink-b2b-ecommerce:addFirebase 200
[debug] [2022-12-18T07:30:02.675Z] <<< [apiv2][body] POST https://firebase.googleapis.com/v1beta1/projects/hyperlink-b2b-ecommerce:addFirebase {"name":"operations/workflows/ZWRmYWQ4MTctYTRkMC00M2Y2LWE3MmMtM2JjYzhlMjIxZjk1"}
[debug] [2022-12-18T07:30:02.676Z] >>> [apiv2][query] GET https://firebase.googleapis.com/v1beta1/operations/workflows/ZWRmYWQ4MTctYTRkMC00M2Y2LWE3MmMtM2JjYzhlMjIxZjk1 [none]
[debug] [2022-12-18T07:30:03.960Z] <<< [apiv2][status] GET https://firebase.googleapis.com/v1beta1/operations/workflows/ZWRmYWQ4MTctYTRkMC00M2Y2LWE3MmMtM2JjYzhlMjIxZjk1 200
[debug] [2022-12-18T07:30:03.960Z] <<< [apiv2][body] GET https://firebase.googleapis.com/v1beta1/operations/workflows/ZWRmYWQ4MTctYTRkMC00M2Y2LWE3MmMtM2JjYzhlMjIxZjk1 {"name":"operations/workflows/ZWRmYWQ4MTctYTRkMC00M2Y2LWE3MmMtM2JjYzhlMjIxZjk1"}
[debug] [2022-12-18T07:30:04.472Z] [Add Firebase Poller] Retrying task index 0
[debug] [2022-12-18T07:30:04.472Z] >>> [apiv2][query] GET https://firebase.googleapis.com/v1beta1/operations/workflows/ZWRmYWQ4MTctYTRkMC00M2Y2LWE3MmMtM2JjYzhlMjIxZjk1 [none]
[debug] [2022-12-18T07:30:05.474Z] <<< [apiv2][status] GET https://firebase.googleapis.com/v1beta1/operations/workflows/ZWRmYWQ4MTctYTRkMC00M2Y2LWE3MmMtM2JjYzhlMjIxZjk1 200
[debug] [2022-12-18T07:30:05.475Z] <<< [apiv2][body] GET https://firebase.googleapis.com/v1beta1/operations/workflows/ZWRmYWQ4MTctYTRkMC00M2Y2LWE3MmMtM2JjYzhlMjIxZjk1 {"name":"operations/workflows/ZWRmYWQ4MTctYTRkMC00M2Y2LWE3MmMtM2JjYzhlMjIxZjk1"}
[debug] [2022-12-18T07:30:06.483Z] [Add Firebase Poller] Retrying task index 0
[debug] [2022-12-18T07:30:06.483Z] >>> [apiv2][query] GET https://firebase.googleapis.com/v1beta1/operations/workflows/ZWRmYWQ4MTctYTRkMC00M2Y2LWE3MmMtM2JjYzhlMjIxZjk1 [none]
[debug] [2022-12-18T07:30:07.662Z] <<< [apiv2][status] GET https://firebase.googleapis.com/v1beta1/operations/workflows/ZWRmYWQ4MTctYTRkMC00M2Y2LWE3MmMtM2JjYzhlMjIxZjk1 200
[debug] [2022-12-18T07:30:07.662Z] <<< [apiv2][body] GET https://firebase.googleapis.com/v1beta1/operations/workflows/ZWRmYWQ4MTctYTRkMC00M2Y2LWE3MmMtM2JjYzhlMjIxZjk1 {"name":"operations/workflows/ZWRmYWQ4MTctYTRkMC00M2Y2LWE3MmMtM2JjYzhlMjIxZjk1"}
[debug] [2022-12-18T07:30:09.665Z] [Add Firebase Poller] Retrying task index 0
[debug] [2022-12-18T07:30:09.665Z] >>> [apiv2][query] GET https://firebase.googleapis.com/v1beta1/operations/workflows/ZWRmYWQ4MTctYTRkMC00M2Y2LWE3MmMtM2JjYzhlMjIxZjk1 [none]
[debug] [2022-12-18T07:30:10.564Z] <<< [apiv2][status] GET https://firebase.googleapis.com/v1beta1/operations/workflows/ZWRmYWQ4MTctYTRkMC00M2Y2LWE3MmMtM2JjYzhlMjIxZjk1 200
[debug] [2022-12-18T07:30:10.564Z] <<< [apiv2][body] GET https://firebase.googleapis.com/v1beta1/operations/workflows/ZWRmYWQ4MTctYTRkMC00M2Y2LWE3MmMtM2JjYzhlMjIxZjk1 {"name":"operations/workflows/ZWRmYWQ4MTctYTRkMC00M2Y2LWE3MmMtM2JjYzhlMjIxZjk1"}
[debug] [2022-12-18T07:30:14.567Z] [Add Firebase Poller] Retrying task index 0
[debug] [2022-12-18T07:30:14.567Z] >>> [apiv2][query] GET https://firebase.googleapis.com/v1beta1/operations/workflows/ZWRmYWQ4MTctYTRkMC00M2Y2LWE3MmMtM2JjYzhlMjIxZjk1 [none]
[debug] [2022-12-18T07:30:15.511Z] <<< [apiv2][status] GET https://firebase.googleapis.com/v1beta1/operations/workflows/ZWRmYWQ4MTctYTRkMC00M2Y2LWE3MmMtM2JjYzhlMjIxZjk1 200
[debug] [2022-12-18T07:30:15.511Z] <<< [apiv2][body] GET https://firebase.googleapis.com/v1beta1/operations/workflows/ZWRmYWQ4MTctYTRkMC00M2Y2LWE3MmMtM2JjYzhlMjIxZjk1 {"name":"operations/workflows/ZWRmYWQ4MTctYTRkMC00M2Y2LWE3MmMtM2JjYzhlMjIxZjk1","done":true,"response":{"@type":"type.googleapis.com/google.firebase.service.v1beta1.FirebaseProject","projectId":"hyperlink-b2b-ecommerce","projectNumber":"589349655175","displayName":"hyperlink-b2b-ecommerce","name":"projects/hyperlink-b2b-ecommerce","resources":{"hostingSite":"hyperlink-b2b-ecommerce"}}}
[info] 
[info] === Your Firebase project is ready! ===
[info] 
[info] Project information:
[info]    - Project ID: hyperlink-b2b-ecommerce
[info]    - Project Name: hyperlink-b2b-ecommerce
[info] 
[info] Firebase console is available at
[info] https://console.firebase.google.com/project/hyperlink-b2b-ecommerce/overview
[info] i  Using project hyperlink-b2b-ecommerce (hyperlink-b2b-ecommerce) 
[info] 
=== Functions Setup
[debug] [2022-12-18T07:30:15.525Z] > command requires scopes: ["email","openid","https://www.googleapis.com/auth/cloudplatformprojects.readonly","https://www.googleapis.com/auth/firebase","https://www.googleapis.com/auth/cloud-platform"]
[debug] [2022-12-18T07:30:15.525Z] > authorizing via signed-in user (pixelverse12@gmail.com)
[debug] [2022-12-18T07:30:15.525Z] [iam] checking project hyperlink-b2b-ecommerce for permissions ["firebase.projects.get"]
[debug] [2022-12-18T07:30:15.526Z] >>> [apiv2][query] POST https://cloudresourcemanager.googleapis.com/v1/projects/hyperlink-b2b-ecommerce:testIamPermissions [none]
[debug] [2022-12-18T07:30:15.526Z] >>> [apiv2][(partial)header] POST https://cloudresourcemanager.googleapis.com/v1/projects/hyperlink-b2b-ecommerce:testIamPermissions x-goog-quota-user=projects/hyperlink-b2b-ecommerce
[debug] [2022-12-18T07:30:15.526Z] >>> [apiv2][body] POST https://cloudresourcemanager.googleapis.com/v1/projects/hyperlink-b2b-ecommerce:testIamPermissions {"permissions":["firebase.projects.get"]}
[debug] [2022-12-18T07:30:16.130Z] <<< [apiv2][status] POST https://cloudresourcemanager.googleapis.com/v1/projects/hyperlink-b2b-ecommerce:testIamPermissions 200
[debug] [2022-12-18T07:30:16.130Z] <<< [apiv2][body] POST https://cloudresourcemanager.googleapis.com/v1/projects/hyperlink-b2b-ecommerce:testIamPermissions {"permissions":["firebase.projects.get"]}
[debug] [2022-12-18T07:30:16.130Z] >>> [apiv2][query] GET https://serviceusage.googleapis.com/v1/projects/hyperlink-b2b-ecommerce/services/cloudfunctions.googleapis.com [none]
[debug] [2022-12-18T07:30:16.130Z] >>> [apiv2][(partial)header] GET https://serviceusage.googleapis.com/v1/projects/hyperlink-b2b-ecommerce/services/cloudfunctions.googleapis.com x-goog-quota-user=projects/hyperlink-b2b-ecommerce
[debug] [2022-12-18T07:30:16.131Z] >>> [apiv2][query] GET https://serviceusage.googleapis.com/v1/projects/hyperlink-b2b-ecommerce/services/runtimeconfig.googleapis.com [none]
[debug] [2022-12-18T07:30:16.131Z] >>> [apiv2][(partial)header] GET https://serviceusage.googleapis.com/v1/projects/hyperlink-b2b-ecommerce/services/runtimeconfig.googleapis.com x-goog-quota-user=projects/hyperlink-b2b-ecommerce
[debug] [2022-12-18T07:30:18.197Z] <<< [apiv2][status] GET https://serviceusage.googleapis.com/v1/projects/hyperlink-b2b-ecommerce/services/runtimeconfig.googleapis.com 200
[debug] [2022-12-18T07:30:18.197Z] <<< [apiv2][body] GET https://serviceusage.googleapis.com/v1/projects/hyperlink-b2b-ecommerce/services/runtimeconfig.googleapis.com [omitted]
[debug] [2022-12-18T07:30:18.197Z] >>> [apiv2][query] POST https://serviceusage.googleapis.com/v1/projects/hyperlink-b2b-ecommerce/services/runtimeconfig.googleapis.com:enable [none]
[debug] [2022-12-18T07:30:18.197Z] >>> [apiv2][(partial)header] POST https://serviceusage.googleapis.com/v1/projects/hyperlink-b2b-ecommerce/services/runtimeconfig.googleapis.com:enable x-goog-quota-user=projects/hyperlink-b2b-ecommerce
[debug] [2022-12-18T07:30:18.295Z] <<< [apiv2][status] GET https://serviceusage.googleapis.com/v1/projects/hyperlink-b2b-ecommerce/services/cloudfunctions.googleapis.com 200
[debug] [2022-12-18T07:30:18.295Z] <<< [apiv2][body] GET https://serviceusage.googleapis.com/v1/projects/hyperlink-b2b-ecommerce/services/cloudfunctions.googleapis.com [omitted]
[debug] [2022-12-18T07:30:18.296Z] >>> [apiv2][query] POST https://serviceusage.googleapis.com/v1/projects/hyperlink-b2b-ecommerce/services/cloudfunctions.googleapis.com:enable [none]
[debug] [2022-12-18T07:30:18.296Z] >>> [apiv2][(partial)header] POST https://serviceusage.googleapis.com/v1/projects/hyperlink-b2b-ecommerce/services/cloudfunctions.googleapis.com:enable x-goog-quota-user=projects/hyperlink-b2b-ecommerce
[debug] [2022-12-18T07:30:19.239Z] <<< [apiv2][status] POST https://serviceusage.googleapis.com/v1/projects/hyperlink-b2b-ecommerce/services/cloudfunctions.googleapis.com:enable 200
[debug] [2022-12-18T07:30:19.239Z] <<< [apiv2][body] POST https://serviceusage.googleapis.com/v1/projects/hyperlink-b2b-ecommerce/services/cloudfunctions.googleapis.com:enable [omitted]
[debug] [2022-12-18T07:30:20.006Z] <<< [apiv2][status] POST https://serviceusage.googleapis.com/v1/projects/hyperlink-b2b-ecommerce/services/runtimeconfig.googleapis.com:enable 200
[debug] [2022-12-18T07:30:20.006Z] <<< [apiv2][body] POST https://serviceusage.googleapis.com/v1/projects/hyperlink-b2b-ecommerce/services/runtimeconfig.googleapis.com:enable [omitted]
[debug] [2022-12-18T07:30:29.249Z] >>> [apiv2][query] GET https://serviceusage.googleapis.com/v1/projects/hyperlink-b2b-ecommerce/services/cloudfunctions.googleapis.com [none]
[debug] [2022-12-18T07:30:29.250Z] >>> [apiv2][(partial)header] GET https://serviceusage.googleapis.com/v1/projects/hyperlink-b2b-ecommerce/services/cloudfunctions.googleapis.com x-goog-quota-user=projects/hyperlink-b2b-ecommerce
[debug] [2022-12-18T07:30:30.011Z] >>> [apiv2][query] GET https://serviceusage.googleapis.com/v1/projects/hyperlink-b2b-ecommerce/services/runtimeconfig.googleapis.com [none]
[debug] [2022-12-18T07:30:30.011Z] >>> [apiv2][(partial)header] GET https://serviceusage.googleapis.com/v1/projects/hyperlink-b2b-ecommerce/services/runtimeconfig.googleapis.com x-goog-quota-user=projects/hyperlink-b2b-ecommerce
[debug] [2022-12-18T07:30:31.007Z] <<< [apiv2][status] GET https://serviceusage.googleapis.com/v1/projects/hyperlink-b2b-ecommerce/services/cloudfunctions.googleapis.com 200
[debug] [2022-12-18T07:30:31.007Z] <<< [apiv2][body] GET https://serviceusage.googleapis.com/v1/projects/hyperlink-b2b-ecommerce/services/cloudfunctions.googleapis.com [omitted]
[debug] [2022-12-18T07:30:31.994Z] <<< [apiv2][status] GET https://serviceusage.googleapis.com/v1/projects/hyperlink-b2b-ecommerce/services/runtimeconfig.googleapis.com 200
[debug] [2022-12-18T07:30:31.994Z] <<< [apiv2][body] GET https://serviceusage.googleapis.com/v1/projects/hyperlink-b2b-ecommerce/services/runtimeconfig.googleapis.com [omitted]
[info] Let's create a new codebase for your functions.
[info] A directory corresponding to the codebase will be created in your project
[info] with sample code pre-configured.

[info] See https://firebase.google.com/docs/functions/organize-functions for
[info] more information on organizing your functions using codebases.

[info] Functions can be deployed with firebase deploy.

[info] +  Wrote functions/package.json 
[info] +  Wrote functions/.eslintrc.js 
[info] +  Wrote functions/index.js 
[info] +  Wrote functions/.gitignore 
[info] 
=== Hosting Setup
[info] 
[info] Your public directory is the folder (relative to your project directory) that
[info] will contain Hosting assets to be uploaded with firebase deploy. If you
[info] have a build process for your assets, use your build's output directory.
[info] 
[info] +  Wrote .next/404.html 
[debug] [2022-12-18T07:32:39.582Z] >>> [apiv2][query] GET https://www.gstatic.com/firebasejs/releases.json [none]
[debug] [2022-12-18T07:32:39.687Z] <<< [apiv2][status] GET https://www.gstatic.com/firebasejs/releases.json 200
[debug] [2022-12-18T07:32:39.687Z] <<< [apiv2][body] GET https://www.gstatic.com/firebasejs/releases.json {"current":{"version":"9.15.0","browserURL":"https://www.gstatic.com/firebasejs/9.15.0/firebase.js","packageURL":"https://www.gstatic.com/firebasejs/9.15.0/firebase.tgz"},"live":{"version":"9.15","browserURL":"https://www.gstatic.com/firebasejs/live/9.15/firebase.js","packageURL":"https://www.gstatic.com/firebasejs/live/9.15/firebase.tgz"},"components":{"analytics":"https://www.gstatic.com/firebasejs/9.15.0/firebase-analytics.js","app":"https://www.gstatic.com/firebasejs/9.15.0/firebase-app.js","app-check":"https://www.gstatic.com/firebasejs/9.15.0/firebase-app-check.js","auth":"https://www.gstatic.com/firebasejs/9.15.0/firebase-auth.js","auth/cordova":"https://www.gstatic.com/firebasejs/9.15.0/firebase-auth/cordova.js","auth/react-native":"https://www.gstatic.com/firebasejs/9.15.0/firebase-auth/react-native.js","functions":"https://www.gstatic.com/firebasejs/9.15.0/firebase-functions.js","firestore":"https://www.gstatic.com/firebasejs/9.15.0/firebase-firestore.js","firestore/lite":"https://www.gstatic.com/firebasejs/9.15.0/firebase-firestore/lite.js","installations":"https://www.gstatic.com/firebasejs/9.15.0/firebase-installations.js","storage":"https://www.gstatic.com/firebasejs/9.15.0/firebase-storage.js","performance":"https://www.gstatic.com/firebasejs/9.15.0/firebase-performance.js","remote-config":"https://www.gstatic.com/firebasejs/9.15.0/firebase-remote-config.js","messaging":"https://www.gstatic.com/firebasejs/9.15.0/firebase-messaging.js","messaging/sw":"https://www.gstatic.com/firebasejs/9.15.0/firebase-messaging/sw.js","database":"https://www.gstatic.com/firebasejs/9.15.0/firebase-database.js","firestore.memory":"https://www.gstatic.com/firebasejs/9.15.0/firebase-firestore.memory.js"}}
[info] +  Wrote .next/index.html 
[info] 
[info] i  Detected a .git folder at C:\x\hyperlink-store 
[info] i  Authorizing with GitHub to upload your service account to a GitHub repository's secrets store. 
[info] 
[info] Visit this URL on this device to log in:
[info] https://github.com/login/oauth/authorize?client_id=89cf50f02ac6aaed3484&state=169193988&redirect_uri=http%3A%2F%2Flocalhost%3A9005&scope=read%3Auser%20repo%20public_repo
[info] 
[info] Waiting for authentication...
[debug] [2022-12-18T07:32:47.966Z] >>> [apiv2][query] POST https://github.com/login/oauth/access_token [none]
[debug] [2022-12-18T07:32:47.966Z] >>> [apiv2][body] POST https://github.com/login/oauth/access_token [stream]
[debug] [2022-12-18T07:32:48.393Z] <<< [apiv2][status] POST https://github.com/login/oauth/access_token 200
[debug] [2022-12-18T07:32:48.393Z] <<< [apiv2][body] POST https://github.com/login/oauth/access_token {"access_token":"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","token_type":"bearer","scope":"read:user,repo"}
[debug] [2022-12-18T07:32:48.398Z] >>> [apiv2][query] GET https://api.github.com/user [none]
[debug] [2022-12-18T07:32:48.820Z] <<< [apiv2][status] GET https://api.github.com/user 200
[debug] [2022-12-18T07:32:48.820Z] <<< [apiv2][body] GET https://api.github.com/user {"login":"starrysky7","id":68687710,"node_id":"MDQ6VXNlcjY4Njg3NzEw","avatar_url":"https://avatars.githubusercontent.com/u/68687710?v=4","gravatar_id":"","url":"https://api.github.com/users/starrysky7","html_url":"https://github.com/starrysky7","followers_url":"https://api.github.com/users/starrysky7/followers","following_url":"https://api.github.com/users/starrysky7/following{/other_user}","gists_url":"https://api.github.com/users/starrysky7/gists{/gist_id}","starred_url":"https://api.github.com/users/starrysky7/starred{/owner}{/repo}","subscriptions_url":"https://api.github.com/users/starrysky7/subscriptions","organizations_url":"https://api.github.com/users/starrysky7/orgs","repos_url":"https://api.github.com/users/starrysky7/repos","events_url":"https://api.github.com/users/starrysky7/events{/privacy}","received_events_url":"https://api.github.com/users/starrysky7/received_events","type":"User","site_admin":false,"name":null,"company":null,"blog":"","location":null,"email":null,"hireable":null,"bio":null,"twitter_username":null,"public_repos":0,"public_gists":0,"followers":0,"following":0,"created_at":"2020-07-23T09:29:56Z","updated_at":"2022-10-04T07:33:41Z","private_gists":0,"total_private_repos":12,"owned_private_repos":12,"disk_usage":1885821,"collaborators":6,"two_factor_authentication":false,"plan":{"name":"free","space":976562499,"collaborators":0,"private_repos":10000}}
[info] 
[info] +  Success! Logged into GitHub as starrysky7 
[info] 
